<?xml version="1.0" encoding="UTF-8"?>
<testsuite name="com.linkly.webtests.DashboardTest" tests="3" skipped="0" failures="0" errors="0" timestamp="2026-06-13T05:45:52" hostname="PRANANSORAO" time="25.03">
  <properties/>
  <testcase name="testNavigationToChildCompanion()" classname="com.linkly.webtests.DashboardTest" time="18.093"/>
  <testcase name="testLandingPageLoad()" classname="com.linkly.webtests.DashboardTest" time="3.041"/>
  <testcase name="testNavigationToParentPortal()" classname="com.linkly.webtests.DashboardTest" time="3.893"/>
  <system-out><![CDATA[]]></system-out>
  <system-err><![CDATA[Jun 13, 2026 11:16:08 AM org.openqa.selenium.devtools.CdpVersionFinder findNearestMatch
WARNING: Unable to find CDP implementation matching 148
Jun 13, 2026 11:16:08 AM org.openqa.selenium.chromium.ChromiumDriver lambda$new$5
WARNING: Unable to find version of CDP to use for 148.0.7778.179. You may need to include a dependency on a specific version of the CDP using something similar to `org.seleniumhq.selenium:selenium-devtools-v86:4.21.0` where the version ("v86") matches the version of the chromium-based browser you're using and the version number of the artifact is the same as Selenium's.
Jun 13, 2026 11:16:13 AM org.openqa.selenium.devtools.CdpVersionFinder findNearestMatch
WARNING: Unable to find CDP implementation matching 148
Jun 13, 2026 11:16:13 AM org.openqa.selenium.chromium.ChromiumDriver lambda$new$5
WARNING: Unable to find version of CDP to use for 148.0.7778.179. You may need to include a dependency on a specific version of the CDP using something similar to `org.seleniumhq.selenium:selenium-devtools-v86:4.21.0` where the version ("v86") matches the version of the chromium-based browser you're using and the version number of the artifact is the same as Selenium's.
Jun 13, 2026 11:16:16 AM org.openqa.selenium.devtools.CdpVersionFinder findNearestMatch
WARNING: Unable to find CDP implementation matching 148
Jun 13, 2026 11:16:16 AM org.openqa.selenium.chromium.ChromiumDriver lambda$new$5
WARNING: Unable to find version of CDP to use for 148.0.7778.179. You may need to include a dependency on a specific version of the CDP using something similar to `org.seleniumhq.selenium:selenium-devtools-v86:4.21.0` where the version ("v86") matches the version of the chromium-based browser you're using and the version number of the artifact is the same as Selenium's.
]]></system-err>
</testsuite>
